\BOOKMARK [0][-]{chapter*.2}{Abstract}{}% 1
\BOOKMARK [0][-]{chapter.1}{Car2Car Communication}{}% 2
\BOOKMARK [1][-]{section.1.1}{Actors}{chapter.1}% 3
\BOOKMARK [1][-]{section.1.2}{Car 2 Car Communication Safety Scenarios}{chapter.1}% 4
\BOOKMARK [1][-]{section.1.3}{Car 2 Car Communication Traffic Efficiency}{chapter.1}% 5
\BOOKMARK [1][-]{section.1.4}{Car 2 Car Communication Infotainment and Other Services}{chapter.1}% 6
\BOOKMARK [0][-]{chapter.2}{Wifi Direct}{}% 7
\BOOKMARK [1][-]{section.2.1}{Overview}{chapter.2}% 8
\BOOKMARK [1][-]{section.2.2}{Technology Basics}{chapter.2}% 9
\BOOKMARK [0][-]{chapter.3}{Prototypes}{}% 10
\BOOKMARK [1][-]{section.3.1}{Android}{chapter.3}% 11
\BOOKMARK [1][-]{section.3.2}{Raspberry Pi}{chapter.3}% 12
\BOOKMARK [1][-]{section.3.3}{Windows Phone}{chapter.3}% 13
\BOOKMARK [0][-]{chapter.4}{Evaluation}{}% 14
\BOOKMARK [1][-]{section.4.1}{Communication between mobile platforms}{chapter.4}% 15
\BOOKMARK [1][-]{section.4.2}{Wifi direct}{chapter.4}% 16
\BOOKMARK [0][-]{chapter.5}{Conclusion and future work}{}% 17
\BOOKMARK [1][-]{section.5.1}{Conclusion}{chapter.5}% 18
\BOOKMARK [1][-]{section.5.2}{Future work}{chapter.5}% 19
\BOOKMARK [0][-]{section.5.2}{Listings}{}% 20
\BOOKMARK [0][-]{chapter*.21}{References}{}% 21
